Determining if the function sgetrf_single exists failed with the following output:
Change Dir: /Users/hy/Desktop/desk/CoolFace/dlib-18.16/python_examples/build/CMakeFiles/CMakeTmp

Run Build Command:/usr/bin/make "cmTryCompileExec3770559120/fast"
/Applications/Xcode.app/Contents/Developer/usr/bin/make -f CMakeFiles/cmTryCompileExec3770559120.dir/build.make CMakeFiles/cmTryCompileExec3770559120.dir/build
"/Applications/CMake 2.8-12.app/Contents/bin/cmake" -E cmake_progress_report /Users/hy/Desktop/desk/CoolFace/dlib-18.16/python_examples/build/CMakeFiles/CMakeTmp/CMakeFiles 1
Building C object CMakeFiles/cmTryCompileExec3770559120.dir/CheckFunctionExists.c.o
/usr/bin/cc   -DCHECK_FUNCTION_EXISTS=sgetrf_single -fPIE   -o CMakeFiles/cmTryCompileExec3770559120.dir/CheckFunctionExists.c.o   -c "/Applications/CMake 2.8-12.app/Contents/share/cmake-2.8/Modules/CheckFunctionExists.c"
Linking C executable cmTryCompileExec3770559120
"/Applications/CMake 2.8-12.app/Contents/bin/cmake" -E cmake_link_script CMakeFiles/cmTryCompileExec3770559120.dir/link.txt --verbose=1
/usr/bin/cc   -DCHECK_FUNCTION_EXISTS=sgetrf_single -Wl,-search_paths_first -Wl,-headerpad_max_install_names   CMakeFiles/cmTryCompileExec3770559120.dir/CheckFunctionExists.c.o  -o cmTryCompileExec3770559120  /usr/lib/libcblas.dylib 
Undefined symbols for architecture x86_64:
  "_sgetrf_single", referenced from:
      _main in CheckFunctionExists.c.o
ld: symbol(s) not found for architecture x86_64
clang: error: linker command failed with exit code 1 (use -v to see invocation)
make[1]: *** [cmTryCompileExec3770559120] Error 1
make: *** [cmTryCompileExec3770559120/fast] Error 2


